{"level":"error","msg":"新建CodisExporter......","time":"2019-12-03T14:49:21+08:00"}
{"level":"error","msg":"usedCpuSys:10205.9","time":"2019-12-03T14:18:20+08:00"}
{"level":"error","msg":"usedCpuSysChildren:0.73","time":"2019-12-03T14:18:20+08:00"}
{"level":"error","msg":"usedCpuSys:9295.48","time":"2019-12-03T14:18:20+08:00"}
{"level":"error","msg":"usedCpuSysChildren:0.84","time":"2019-12-03T14:18:20+08:00"}
{"level":"error","msg":"usedCpuSys:9009.33","time":"2019-12-03T14:18:20+08:00"}
{"level":"error","msg":"usedCpuSysChildren:0.06","time":"2019-12-03T14:18:20+08:00"}
{"level":"error","msg":"usedCpuSys:5210.29","time":"2019-12-03T14:18:20+08:00"}
{"level":"error","msg":"usedCpuSysChildren:0.06","time":"2019-12-03T14:18:20+08:00"}
{"level":"error","msg":"usedCpuSys:7873.83","time":"2019-12-03T14:18:20+08:00"}
{"level":"error","msg":"usedCpuSysChildren:0.1","time":"2019-12-03T14:18:20+08:00"}
{"level":"error","msg":"usedCpuSys:5907.68","time":"2019-12-03T14:18:20+08:00"}
{"level":"error","msg":"usedCpuSysChildren:0.09","time":"2019-12-03T14:18:20+08:00"}
{"level":"error","msg":"usedCpuSys:10205.93","time":"2019-12-03T14:18:29+08:00"}
{"level":"error","msg":"usedCpuSysChildren:0.73","time":"2019-12-03T14:18:29+08:00"}
{"level":"error","msg":"usedCpuSys:9295.5","time":"2019-12-03T14:18:29+08:00"}
{"level":"error","msg":"usedCpuSysChildren:0.84","time":"2019-12-03T14:18:29+08:00"}
{"level":"error","msg":"usedCpuSys:9009.37","time":"2019-12-03T14:18:29+08:00"}
{"level":"error","msg":"usedCpuSysChildren:0.06","time":"2019-12-03T14:18:29+08:00"}
{"level":"error","msg":"usedCpuSys:5210.31","time":"2019-12-03T14:18:29+08:00"}
{"level":"error","msg":"usedCpuSysChildren:0.06","time":"2019-12-03T14:18:29+08:00"}
{"level":"error","msg":"usedCpuSys:7873.84","time":"2019-12-03T14:18:29+08:00"}
{"level":"error","msg":"usedCpuSysChildren:0.1","time":"2019-12-03T14:18:29+08:00"}
{"level":"error","msg":"usedCpuSys:5907.7","time":"2019-12-03T14:18:29+08:00"}
{"level":"error","msg":"usedCpuSysChildren:0.09","time":"2019-12-03T14:18:29+08:00"}
{"level":"error","msg":"usedCpuSys:10205.93","time":"2019-12-03T14:18:29+08:00"}
{"level":"error","msg":"usedCpuSysChildren:0.73","time":"2019-12-03T14:18:29+08:00"}
{"level":"error","msg":"usedCpuSys:9295.5","time":"2019-12-03T14:18:29+08:00"}
{"level":"error","msg":"usedCpuSysChildren:0.84","time":"2019-12-03T14:18:29+08:00"}
{"level":"error","msg":"usedCpuSys:9009.37","time":"2019-12-03T14:18:29+08:00"}
{"level":"error","msg":"usedCpuSysChildren:0.06","time":"2019-12-03T14:18:29+08:00"}
{"level":"error","msg":"usedCpuSys:5210.31","time":"2019-12-03T14:18:29+08:00"}
{"level":"error","msg":"usedCpuSysChildren:0.06","time":"2019-12-03T14:18:29+08:00"}
{"level":"error","msg":"usedCpuSys:7873.84","time":"2019-12-03T14:18:29+08:00"}
{"level":"error","msg":"usedCpuSysChildren:0.1","time":"2019-12-03T14:18:29+08:00"}
{"level":"error","msg":"usedCpuSys:5907.7","time":"2019-12-03T14:18:29+08:00"}
{"level":"error","msg":"usedCpuSysChildren:0.09","time":"2019-12-03T14:18:29+08:00"}
{"level":"error","msg":"usedCpuSys:10205.93","time":"2019-12-03T14:18:30+08:00"}
{"level":"error","msg":"usedCpuSysChildren:0.73","time":"2019-12-03T14:18:30+08:00"}
{"level":"error","msg":"usedCpuSys:9295.51","time":"2019-12-03T14:18:30+08:00"}
{"level":"error","msg":"usedCpuSysChildren:0.84","time":"2019-12-03T14:18:30+08:00"}
{"level":"error","msg":"usedCpuSys:9009.37","time":"2019-12-03T14:18:30+08:00"}
{"level":"error","msg":"usedCpuSysChildren:0.06","time":"2019-12-03T14:18:30+08:00"}
{"level":"error","msg":"usedCpuSys:5210.31","time":"2019-12-03T14:18:30+08:00"}
{"level":"error","msg":"usedCpuSysChildren:0.06","time":"2019-12-03T14:18:30+08:00"}
{"level":"error","msg":"usedCpuSys:7873.84","time":"2019-12-03T14:18:30+08:00"}
{"level":"error","msg":"usedCpuSysChildren:0.1","time":"2019-12-03T14:18:30+08:00"}
{"level":"error","msg":"usedCpuSys:5907.7","time":"2019-12-03T14:18:30+08:00"}
{"level":"error","msg":"usedCpuSysChildren:0.09","time":"2019-12-03T14:18:30+08:00"}
{"level":"error","msg":"usedCpuSys:10205.93","time":"2019-12-03T14:18:30+08:00"}
{"level":"error","msg":"usedCpuSysChildren:0.73","time":"2019-12-03T14:18:30+08:00"}
{"level":"error","msg":"usedCpuSys:9295.51","time":"2019-12-03T14:18:30+08:00"}
{"level":"error","msg":"usedCpuSysChildren:0.84","time":"2019-12-03T14:18:30+08:00"}
{"level":"error","msg":"usedCpuSys:9009.37","time":"2019-12-03T14:18:30+08:00"}
{"level":"error","msg":"usedCpuSysChildren:0.06","time":"2019-12-03T14:18:30+08:00"}
{"level":"error","msg":"usedCpuSys:5210.31","time":"2019-12-03T14:18:30+08:00"}
{"level":"error","msg":"usedCpuSysChildren:0.06","time":"2019-12-03T14:18:30+08:00"}
{"level":"error","msg":"usedCpuSys:7873.84","time":"2019-12-03T14:18:30+08:00"}
{"level":"error","msg":"usedCpuSysChildren:0.1","time":"2019-12-03T14:18:30+08:00"}
{"level":"error","msg":"usedCpuSys:5907.7","time":"2019-12-03T14:18:30+08:00"}
{"level":"error","msg":"usedCpuSysChildren:0.09","time":"2019-12-03T14:18:30+08:00"}
{"level":"error","msg":"usedCpuSys:10205.93","time":"2019-12-03T14:18:30+08:00"}
{"level":"error","msg":"usedCpuSysChildren:0.73","time":"2019-12-03T14:18:30+08:00"}
{"level":"error","msg":"usedCpuSys:9295.51","time":"2019-12-03T14:18:30+08:00"}
{"level":"error","msg":"usedCpuSysChildren:0.84","time":"2019-12-03T14:18:30+08:00"}
{"level":"error","msg":"usedCpuSys:9009.37","time":"2019-12-03T14:18:30+08:00"}
{"level":"error","msg":"usedCpuSysChildren:0.06","time":"2019-12-03T14:18:30+08:00"}
{"level":"error","msg":"usedCpuSys:5210.31","time":"2019-12-03T14:18:30+08:00"}
{"level":"error","msg":"usedCpuSysChildren:0.06","time":"2019-12-03T14:18:30+08:00"}
{"level":"error","msg":"usedCpuSys:7873.85","time":"2019-12-03T14:18:30+08:00"}
{"level":"error","msg":"usedCpuSysChildren:0.1","time":"2019-12-03T14:18:30+08:00"}
{"level":"error","msg":"usedCpuSys:5907.7","time":"2019-12-03T14:18:30+08:00"}
{"level":"error","msg":"usedCpuSysChildren:0.09","time":"2019-12-03T14:18:30+08:00"}
{"level":"error","msg":"usedCpuSys:10205.96","time":"2019-12-03T14:18:35+08:00"}
{"level":"error","msg":"usedCpuSysChildren:0.73","time":"2019-12-03T14:18:35+08:00"}
{"level":"error","msg":"usedCpuSys:9295.52","time":"2019-12-03T14:18:35+08:00"}
{"level":"error","msg":"usedCpuSysChildren:0.84","time":"2019-12-03T14:18:35+08:00"}
{"level":"error","msg":"usedCpuSys:9009.39","time":"2019-12-03T14:18:35+08:00"}
{"level":"error","msg":"usedCpuSysChildren:0.06","time":"2019-12-03T14:18:35+08:00"}
{"level":"error","msg":"usedCpuSys:5210.32","time":"2019-12-03T14:18:35+08:00"}
{"level":"error","msg":"usedCpuSysChildren:0.06","time":"2019-12-03T14:18:35+08:00"}
{"level":"error","msg":"usedCpuSys:7873.86","time":"2019-12-03T14:18:35+08:00"}
{"level":"error","msg":"usedCpuSysChildren:0.1","time":"2019-12-03T14:18:35+08:00"}
{"level":"error","msg":"usedCpuSys:5907.71","time":"2019-12-03T14:18:35+08:00"}
{"level":"error","msg":"usedCpuSysChildren:0.09","time":"2019-12-03T14:18:35+08:00"}
{"level":"error","msg":"usedCpuSys:10206.02","time":"2019-12-03T14:18:50+08:00"}
{"level":"error","msg":"usedCpuSysChildren:0.73","time":"2019-12-03T14:18:50+08:00"}
{"level":"error","msg":"usedCpuSys:9295.57","time":"2019-12-03T14:18:50+08:00"}
{"level":"error","msg":"usedCpuSysChildren:0.84","time":"2019-12-03T14:18:50+08:00"}
{"level":"error","msg":"usedCpuSys:9009.45","time":"2019-12-03T14:18:50+08:00"}
{"level":"error","msg":"usedCpuSysChildren:0.06","time":"2019-12-03T14:18:50+08:00"}
{"level":"error","msg":"usedCpuSys:5210.35","time":"2019-12-03T14:18:50+08:00"}
{"level":"error","msg":"usedCpuSysChildren:0.06","time":"2019-12-03T14:18:50+08:00"}
{"level":"error","msg":"usedCpuSys:7873.89","time":"2019-12-03T14:18:50+08:00"}
{"level":"error","msg":"usedCpuSysChildren:0.1","time":"2019-12-03T14:18:50+08:00"}
{"level":"error","msg":"usedCpuSys:5907.74","time":"2019-12-03T14:18:50+08:00"}
{"level":"error","msg":"usedCpuSysChildren:0.09","time":"2019-12-03T14:18:50+08:00"}
{"level":"error","msg":"usedCpuSys:10206.09","time":"2019-12-03T14:19:05+08:00"}
{"level":"error","msg":"usedCpuSysChildren:0.73","time":"2019-12-03T14:19:05+08:00"}
{"level":"error","msg":"usedCpuSys:9295.61","time":"2019-12-03T14:19:05+08:00"}
{"level":"error","msg":"usedCpuSysChildren:0.84","time":"2019-12-03T14:19:05+08:00"}
{"level":"error","msg":"usedCpuSys:9009.51","time":"2019-12-03T14:19:05+08:00"}
{"level":"error","msg":"usedCpuSysChildren:0.06","time":"2019-12-03T14:19:05+08:00"}
{"level":"error","msg":"usedCpuSys:5210.38","time":"2019-12-03T14:19:05+08:00"}
{"level":"error","msg":"usedCpuSysChildren:0.06","time":"2019-12-03T14:19:05+08:00"}
{"level":"error","msg":"usedCpuSys:7873.92","time":"2019-12-03T14:19:05+08:00"}
{"level":"error","msg":"usedCpuSysChildren:0.1","time":"2019-12-03T14:19:05+08:00"}
{"level":"error","msg":"usedCpuSys:5907.76","time":"2019-12-03T14:19:05+08:00"}
{"level":"error","msg":"usedCpuSysChildren:0.09","time":"2019-12-03T14:19:05+08:00"}
{"level":"error","msg":"usedCpuSys:10206.16","time":"2019-12-03T14:19:20+08:00"}
{"level":"error","msg":"usedCpuSysChildren:0.73","time":"2019-12-03T14:19:20+08:00"}
{"level":"error","msg":"usedCpuSys:9295.64","time":"2019-12-03T14:19:20+08:00"}
{"level":"error","msg":"usedCpuSysChildren:0.84","time":"2019-12-03T14:19:20+08:00"}
{"level":"error","msg":"usedCpuSys:9009.56","time":"2019-12-03T14:19:20+08:00"}
{"level":"error","msg":"usedCpuSysChildren:0.06","time":"2019-12-03T14:19:20+08:00"}
{"level":"error","msg":"usedCpuSys:5210.42","time":"2019-12-03T14:19:20+08:00"}
{"level":"error","msg":"usedCpuSysChildren:0.06","time":"2019-12-03T14:19:20+08:00"}
{"level":"error","msg":"usedCpuSys:7873.96","time":"2019-12-03T14:19:20+08:00"}
{"level":"error","msg":"usedCpuSysChildren:0.1","time":"2019-12-03T14:19:20+08:00"}
{"level":"error","msg":"usedCpuSys:5907.79","time":"2019-12-03T14:19:20+08:00"}
{"level":"error","msg":"usedCpuSysChildren:0.09","time":"2019-12-03T14:19:20+08:00"}
{"level":"error","msg":"usedCpuSys:10206.21","time":"2019-12-03T14:19:35+08:00"}
{"level":"error","msg":"usedCpuSysChildren:0.73","time":"2019-12-03T14:19:35+08:00"}
{"level":"error","msg":"usedCpuSys:9295.68","time":"2019-12-03T14:19:35+08:00"}
{"level":"error","msg":"usedCpuSysChildren:0.84","time":"2019-12-03T14:19:35+08:00"}
{"level":"error","msg":"usedCpuSys:9009.61","time":"2019-12-03T14:19:35+08:00"}
{"level":"error","msg":"usedCpuSysChildren:0.06","time":"2019-12-03T14:19:35+08:00"}
{"level":"error","msg":"usedCpuSys:5210.45","time":"2019-12-03T14:19:35+08:00"}
{"level":"error","msg":"usedCpuSysChildren:0.06","time":"2019-12-03T14:19:35+08:00"}
{"level":"error","msg":"usedCpuSys:7874","time":"2019-12-03T14:19:35+08:00"}
{"level":"error","msg":"usedCpuSysChildren:0.1","time":"2019-12-03T14:19:35+08:00"}
{"level":"error","msg":"usedCpuSys:5907.8","time":"2019-12-03T14:19:35+08:00"}
{"level":"error","msg":"usedCpuSysChildren:0.09","time":"2019-12-03T14:19:35+08:00"}
{"level":"error","msg":"usedCpuSys:10206.27","time":"2019-12-03T14:19:50+08:00"}
{"level":"error","msg":"usedCpuSysChildren:0.73","time":"2019-12-03T14:19:50+08:00"}
{"level":"error","msg":"usedCpuSys:9295.72","time":"2019-12-03T14:19:50+08:00"}
{"level":"error","msg":"usedCpuSysChildren:0.84","time":"2019-12-03T14:19:50+08:00"}
{"level":"error","msg":"usedCpuSys:9009.66","time":"2019-12-03T14:19:50+08:00"}
{"level":"error","msg":"usedCpuSysChildren:0.06","time":"2019-12-03T14:19:50+08:00"}
{"level":"error","msg":"usedCpuSys:5210.49","time":"2019-12-03T14:19:50+08:00"}
{"level":"error","msg":"usedCpuSysChildren:0.06","time":"2019-12-03T14:19:50+08:00"}
{"level":"error","msg":"usedCpuSys:7874.03","time":"2019-12-03T14:19:50+08:00"}
{"level":"error","msg":"usedCpuSysChildren:0.1","time":"2019-12-03T14:19:50+08:00"}
{"level":"error","msg":"usedCpuSys:5907.83","time":"2019-12-03T14:19:50+08:00"}
{"level":"error","msg":"usedCpuSysChildren:0.09","time":"2019-12-03T14:19:50+08:00"}
8:00"}
{"level":"error","msg":"usedCpuSys:10205.52","time":"2019-12-03T14:16:44+08:00"}
{"level":"error","msg":"usedCpuSysChildren:0.73","time":"2019-12-03T14:16:44+08:00"}
{"level":"error","msg":"usedCpuSys:9295.21","time":"2019-12-03T14:16:44+08:00"}
{"level":"error","msg":"usedCpuSysChildren:0.84","time":"2019-12-03T14:16:44+08:00"}
{"level":"error","msg":"usedCpuSys:9009.01","time":"2019-12-03T14:16:44+08:00"}
{"level":"error","msg":"usedCpuSysChildren:0.06","time":"2019-12-03T14:16:44+08:00"}
{"level":"error","msg":"usedCpuSys:5210.09","time":"2019-12-03T14:16:44+08:00"}
{"level":"error","msg":"usedCpuSysChildren:0.06","time":"2019-12-03T14:16:44+08:00"}
{"level":"error","msg":"usedCpuSys:7873.57","time":"2019-12-03T14:16:44+08:00"}
{"level":"error","msg":"usedCpuSysChildren:0.1","time":"2019-12-03T14:16:44+08:00"}
{"level":"error","msg":"usedCpuSys:5907.53","time":"2019-12-03T14:16:44+08:00"}
{"level":"error","msg":"usedCpuSysChildren:0.09","time":"2019-12-03T14:16:44+08:00"}
{"level":"error","msg":"usedCpuSys:10205.52","time":"2019-12-03T14:16:44+08:00"}
{"level":"error","msg":"usedCpuSysChildren:0.73","time":"2019-12-03T14:16:44+08:00"}
{"level":"error","msg":"usedCpuSys:9295.21","time":"2019-12-03T14:16:44+08:00"}
{"level":"error","msg":"usedCpuSysChildren:0.84","time":"2019-12-03T14:16:44+08:00"}
{"level":"error","msg":"usedCpuSys:9009.01","time":"2019-12-03T14:16:44+08:00"}
{"level":"error","msg":"usedCpuSysChildren:0.06","time":"2019-12-03T14:16:44+08:00"}
{"level":"error","msg":"usedCpuSys:5210.09","time":"2019-12-03T14:16:44+08:00"}
{"level":"error","msg":"usedCpuSysChildren:0.06","time":"2019-12-03T14:16:44+08:00"}
{"level":"error","msg":"usedCpuSys:7873.57","time":"2019-12-03T14:16:44+08:00"}
{"level":"error","msg":"usedCpuSysChildren:0.1","time":"2019-12-03T14:16:44+08:00"}
{"level":"error","msg":"usedCpuSys:5907.53","time":"2019-12-03T14:16:44+08:00"}
{"level":"error","msg":"usedCpuSysChildren:0.09","time":"2019-12-03T14:16:44+08:00"}
{"level":"error","msg":"usedCpuSys:10205.53","time":"2019-12-03T14:16:44+08:00"}
{"level":"error","msg":"usedCpuSysChildren:0.73","time":"2019-12-03T14:16:44+08:00"}
{"level":"error","msg":"usedCpuSys:9295.21","time":"2019-12-03T14:16:44+08:00"}
{"level":"error","msg":"usedCpuSysChildren:0.84","time":"2019-12-03T14:16:44+08:00"}
{"level":"error","msg":"usedCpuSys:9009.01","time":"2019-12-03T14:16:44+08:00"}
{"level":"error","msg":"usedCpuSysChildren:0.06","time":"2019-12-03T14:16:44+08:00"}
{"level":"error","msg":"usedCpuSys:5210.09","time":"2019-12-03T14:16:44+08:00"}
{"level":"error","msg":"usedCpuSysChildren:0.06","time":"2019-12-03T14:16:44+08:00"}
{"level":"error","msg":"usedCpuSys:7873.57","time":"2019-12-03T14:16:44+08:00"}
{"level":"error","msg":"usedCpuSysChildren:0.1","time":"2019-12-03T14:16:44+08:00"}
{"level":"error","msg":"usedCpuSys:5907.53","time":"2019-12-03T14:16:44+08:00"}
{"level":"error","msg":"usedCpuSysChildren:0.09","time":"2019-12-03T14:16:44+08:00"}
{"level":"error","msg":"usedCpuSys:10205.53","time":"2019-12-03T14:16:44+08:00"}
{"level":"error","msg":"usedCpuSysChildren:0.73","time":"2019-12-03T14:16:44+08:00"}
{"level":"error","msg":"usedCpuSys:9295.21","time":"2019-12-03T14:16:44+08:00"}
{"level":"error","msg":"usedCpuSysChildren:0.84","time":"2019-12-03T14:16:44+08:00"}
{"level":"error","msg":"usedCpuSys:9009.01","time":"2019-12-03T14:16:44+08:00"}
{"level":"error","msg":"usedCpuSysChildren:0.06","time":"2019-12-03T14:16:44+08:00"}
{"level":"error","msg":"usedCpuSys:5210.09","time":"2019-12-03T14:16:44+08:00"}
{"level":"error","msg":"usedCpuSysChildren:0.06","time":"2019-12-03T14:16:44+08:00"}
{"level":"error","msg":"usedCpuSys:7873.57","time":"2019-12-03T14:16:44+08:00"}
{"level":"error","msg":"usedCpuSysChildren:0.1","time":"2019-12-03T14:16:44+08:00"}
{"level":"error","msg":"usedCpuSys:5907.53","time":"2019-12-03T14:16:44+08:00"}
{"level":"error","msg":"usedCpuSysChildren:0.09","time":"2019-12-03T14:16:44+08:00"}
{"level":"error","msg":"usedCpuSys:10205.53","time":"2019-12-03T14:16:44+08:00"}
{"level":"error","msg":"usedCpuSysChildren:0.73","time":"2019-12-03T14:16:44+08:00"}
{"level":"error","msg":"usedCpuSys:9295.21","time":"2019-12-03T14:16:44+08:00"}
{"level":"error","msg":"usedCpuSysChildren:0.84","time":"2019-12-03T14:16:44+08:00"}
{"level":"error","msg":"usedCpuSys:9009.01","time":"2019-12-03T14:16:44+08:00"}
{"level":"error","msg":"usedCpuSysChildren:0.06","time":"2019-12-03T14:16:44+08:00"}
{"level":"error","msg":"usedCpuSys:5210.09","time":"2019-12-03T14:16:44+08:00"}
{"level":"error","msg":"usedCpuSysChildren:0.06","time":"2019-12-03T14:16:44+08:00"}
{"level":"error","msg":"usedCpuSys:7873.57","time":"2019-12-03T14:16:44+08:00"}
{"level":"error","msg":"usedCpuSysChildren:0.1","time":"2019-12-03T14:16:44+08:00"}
{"level":"error","msg":"usedCpuSys:5907.53","time":"2019-12-03T14:16:44+08:00"}
{"level":"error","msg":"usedCpuSysChildren:0.09","time":"2019-12-03T14:16:44+08:00"}
{"level":"error","msg":"usedCpuSys:10205.53","time":"2019-12-03T14:16:44+08:00"}
{"level":"error","msg":"usedCpuSysChildren:0.73","time":"2019-12-03T14:16:44+08:00"}
{"level":"error","msg":"usedCpuSys:9295.21","time":"2019-12-03T14:16:44+08:00"}
{"level":"error","msg":"usedCpuSysChildren:0.84","time":"2019-12-03T14:16:44+08:00"}
{"level":"error","msg":"usedCpuSys:9009.01","time":"2019-12-03T14:16:44+08:00"}
{"level":"error","msg":"usedCpuSysChildren:0.06","time":"2019-12-03T14:16:44+08:00"}
{"level":"error","msg":"usedCpuSys:5210.09","time":"2019-12-03T14:16:45+08:00"}
{"level":"error","msg":"usedCpuSysChildren:0.06","time":"2019-12-03T14:16:45+08:00"}
{"level":"error","msg":"usedCpuSys:7873.57","time":"2019-12-03T14:16:45+08:00"}
{"level":"error","msg":"usedCpuSysChildren:0.1","time":"2019-12-03T14:16:45+08:00"}
{"level":"error","msg":"usedCpuSys:5907.53","time":"2019-12-03T14:16:45+08:00"}
{"level":"error","msg":"usedCpuSysChildren:0.09","time":"2019-12-03T14:16:45+08:00"}
{"level":"error","msg":"usedCpuSys:10205.54","time":"2019-12-03T14:16:45+08:00"}
{"level":"error","msg":"usedCpuSysChildren:0.73","time":"2019-12-03T14:16:45+08:00"}
{"level":"error","msg":"usedCpuSys:9295.21","time":"2019-12-03T14:16:45+08:00"}
{"level":"error","msg":"usedCpuSysChildren:0.84","time":"2019-12-03T14:16:45+08:00"}
{"level":"error","msg":"usedCpuSys:9009.01","time":"2019-12-03T14:16:45+08:00"}
{"level":"error","msg":"usedCpuSysChildren:0.06","time":"2019-12-03T14:16:45+08:00"}
{"level":"error","msg":"usedCpuSys:5210.09","time":"2019-12-03T14:16:45+08:00"}
{"level":"error","msg":"usedCpuSysChildren:0.06","time":"2019-12-03T14:16:45+08:00"}
{"level":"error","msg":"usedCpuSys:7873.57","time":"2019-12-03T14:16:45+08:00"}
{"level":"error","msg":"usedCpuSysChildren:0.1","time":"2019-12-03T14:16:45+08:00"}
{"level":"error","msg":"usedCpuSys:5907.53","time":"2019-12-03T14:16:45+08:00"}
{"level":"error","msg":"usedCpuSysChildren:0.09","time":"2019-12-03T14:16:45+08:00"}
{"level":"error","msg":"usedCpuSys:10205.54","time":"2019-12-03T14:16:45+08:00"}
{"level":"error","msg":"usedCpuSysChildren:0.73","time":"2019-12-03T14:16:45+08:00"}
{"level":"error","msg":"usedCpuSys:9295.21","time":"2019-12-03T14:16:45+08:00"}
{"level":"error","msg":"usedCpuSysChildren:0.84","time":"2019-12-03T14:16:45+08:00"}
{"level":"error","msg":"usedCpuSys:9009.01","time":"2019-12-03T14:16:45+08:00"}
{"level":"error","msg":"usedCpuSysChildren:0.06","time":"2019-12-03T14:16:45+08:00"}
{"level":"error","msg":"usedCpuSys:5210.09","time":"2019-12-03T14:16:45+08:00"}
{"level":"error","msg":"usedCpuSysChildren:0.06","time":"2019-12-03T14:16:45+08:00"}
{"level":"error","msg":"usedCpuSys:7873.57","time":"2019-12-03T14:16:45+08:00"}
{"level":"error","msg":"usedCpuSysChildren:0.1","time":"2019-12-03T14:16:45+08:00"}
{"level":"error","msg":"usedCpuSys:5907.53","time":"2019-12-03T14:16:45+08:00"}
{"level":"error","msg":"usedCpuSysChildren:0.09","time":"2019-12-03T14:16:45+08:00"}
{"level":"error","msg":"usedCpuSys:10205.55","time":"2019-12-03T14:16:50+08:00"}
{"level":"error","msg":"usedCpuSysChildren:0.73","time":"2019-12-03T14:16:50+08:00"}
{"level":"error","msg":"usedCpuSys:9295.23","time":"2019-12-03T14:16:50+08:00"}
{"level":"error","msg":"usedCpuSysChildren:0.84","time":"2019-12-03T14:16:50+08:00"}
{"level":"error","msg":"usedCpuSys:9009.03","time":"2019-12-03T14:16:50+08:00"}
{"level":"error","msg":"usedCpuSysChildren:0.06","time":"2019-12-03T14:16:50+08:00"}
{"level":"error","msg":"usedCpuSys:5210.1","time":"2019-12-03T14:16:50+08:00"}
{"level":"error","msg":"usedCpuSysChildren:0.06","time":"2019-12-03T14:16:50+08:00"}
{"level":"error","msg":"usedCpuSys:7873.58","time":"2019-12-03T14:16:50+08:00"}
{"level":"error","msg":"usedCpuSysChildren:0.1","time":"2019-12-03T14:16:50+08:00"}
{"level":"error","msg":"usedCpuSys:5907.55","time":"2019-12-03T14:16:50+08:00"}
{"level":"error","msg":"usedCpuSysChildren:0.09","time":"2019-12-03T14:16:50+08:00"}
{"level":"error","msg":"usedCpuSys:10205.6","time":"2019-12-03T14:17:02+08:00"}
{"level":"error","msg":"usedCpuSysChildren:0.73","time":"2019-12-03T14:17:02+08:00"}
{"level":"error","msg":"usedCpuSys:9295.27","time":"2019-12-03T14:17:02+08:00"}
{"level":"error","msg":"usedCpuSysChildren:0.84","time":"2019-12-03T14:17:02+08:00"}
{"level":"error","msg":"usedCpuSys:9009.07","time":"2019-12-03T14:17:02+08:00"}
{"level":"error","msg":"usedCpuSysChildren:0.06","time":"2019-12-03T14:17:02+08:00"}
{"level":"error","msg":"usedCpuSys:5210.13","time":"2019-12-03T14:17:02+08:00"}
{"level":"error","msg":"usedCpuSysChildren:0.06","time":"2019-12-03T14:17:02+08:00"}
{"level":"error","msg":"usedCpuSys:7873.62","time":"2019-12-03T14:17:02+08:00"}
{"level":"error","msg":"usedCpuSysChildren:0.1","time":"2019-12-03T14:17:02+08:00"}
{"level":"error","msg":"usedCpuSys:5907.56","time":"2019-12-03T14:17:02+08:00"}
{"level":"error","msg":"usedCpuSysChildren:0.09","time":"2019-12-03T14:17:02+08:00"}
{"level":"error","msg":"usedCpuSys:10205.61","time":"2019-12-03T14:17:02+08:00"}
{"level":"error","msg":"usedCpuSysChildren:0.73","time":"2019-12-03T14:17:02+08:00"}
{"level":"error","msg":"usedCpuSys:9295.27","time":"2019-12-03T14:17:02+08:00"}
{"level":"error","msg":"usedCpuSysChildren:0.84","time":"2019-12-03T14:17:02+08:00"}
{"level":"error","msg":"usedCpuSys:9009.07","time":"2019-12-03T14:17:02+08:00"}
{"level":"error","msg":"usedCpuSysChildren:0.06","time":"2019-12-03T14:17:02+08:00"}
{"level":"error","msg":"usedCpuSys:5210.13","time":"2019-12-03T14:17:02+08:00"}
{"level":"error","msg":"usedCpuSysChildren:0.06","time":"2019-12-03T14:17:02+08:00"}
{"level":"error","msg":"usedCpuSys:7873.62","time":"2019-12-03T14:17:02+08:00"}
{"level":"error","msg":"usedCpuSysChildren:0.1","time":"2019-12-03T14:17:02+08:00"}
{"level":"error","msg":"usedCpuSys:5907.56","time":"2019-12-03T14:17:02+08:00"}
{"level":"error","msg":"usedCpuSysChildren:0.09","time":"2019-12-03T14:17:02+08:00"}
{"level":"error","msg":"usedCpuSys:10205.61","time":"2019-12-03T14:17:02+08:00"}
{"level":"error","msg":"usedCpuSysChildren:0.73","time":"2019-12-03T14:17:02+08:00"}
{"level":"error","msg":"usedCpuSys:9295.27","time":"2019-12-03T14:17:02+08:00"}
{"level":"error","msg":"usedCpuSysChildren:0.84","time":"2019-12-03T14:17:02+08:00"}
{"level":"error","msg":"usedCpuSys:9009.07","time":"2019-12-03T14:17:02+08:00"}
{"level":"error","msg":"usedCpuSysChildren:0.06","time":"2019-12-03T14:17:02+08:00"}
{"level":"error","msg":"usedCpuSys:5210.13","time":"2019-12-03T14:17:02+08:00"}
{"level":"error","msg":"usedCpuSysChildren:0.06","time":"2019-12-03T14:17:02+08:00"}
{"level":"error","msg":"usedCpuSys:7873.62","time":"2019-12-03T14:17:02+08:00"}
{"level":"error","msg":"usedCpuSysChildren:0.1","time":"2019-12-03T14:17:02+08:00"}
{"level":"error","msg":"usedCpuSys:5907.56","time":"2019-12-03T14:17:02+08:00"}
{"level":"error","msg":"usedCpuSysChildren:0.09","time":"2019-12-03T14:17:02+08:00"}
{"level":"error","msg":"usedCpuSys:10205.61","time":"2019-12-03T14:17:02+08:00"}
{"level":"error","msg":"usedCpuSysChildren:0.73","time":"2019-12-03T14:17:02+08:00"}
{"level":"error","msg":"usedCpuSys:9295.27","time":"2019-12-03T14:17:02+08:00"}
{"level":"error","msg":"usedCpuSysChildren:0.84","time":"2019-12-03T14:17:02+08:00"}
{"level":"error","msg":"usedCpuSys:9009.07","time":"2019-12-03T14:17:02+08:00"}
{"level":"error","msg":"usedCpuSysChildren:0.06","time":"2019-12-03T14:17:02+08:00"}
{"level":"error","msg":"usedCpuSys:5210.13","time":"2019-12-03T14:17:02+08:00"}
{"level":"error","msg":"usedCpuSysChildren:0.06","time":"2019-12-03T14:17:02+08:00"}
{"level":"error","msg":"usedCpuSys:7873.62","time":"2019-12-03T14:17:02+08:00"}
{"level":"error","msg":"usedCpuSysChildren:0.1","time":"2019-12-03T14:17:02+08:00"}
{"level":"error","msg":"usedCpuSys:5907.57","time":"2019-12-03T14:17:02+08:00"}
{"level":"error","msg":"usedCpuSysChildren:0.09","time":"2019-12-03T14:17:02+08:00"}
{"level":"error","msg":"usedCpuSys:10205.61","time":"2019-12-03T14:17:03+08:00"}
{"level":"error","msg":"usedCpuSysChildren:0.73","time":"2019-12-03T14:17:03+08:00"}
{"level":"error","msg":"usedCpuSys:9295.27","time":"2019-12-03T14:17:03+08:00"}
{"level":"error","msg":"usedCpuSysChildren:0.84","time":"2019-12-03T14:17:03+08:00"}
{"level":"error","msg":"usedCpuSys:9009.07","time":"2019-12-03T14:17:03+08:00"}
{"level":"error","msg":"usedCpuSysChildren:0.06","time":"2019-12-03T14:17:03+08:00"}
{"level":"error","msg":"usedCpuSys:5210.13","time":"2019-12-03T14:17:03+08:00"}
{"level":"error","msg":"usedCpuSysChildren:0.06","time":"2019-12-03T14:17:03+08:00"}
{"level":"error","msg":"usedCpuSys:7873.62","time":"2019-12-03T14:17:03+08:00"}
{"level":"error","msg":"usedCpuSysChildren:0.1","time":"2019-12-03T14:17:03+08:00"}
{"level":"error","msg":"usedCpuSys:5907.57","time":"2019-12-03T14:17:03+08:00"}
{"level":"error","msg":"usedCpuSysChildren:0.09","time":"2019-12-03T14:17:03+08:00"}
{"level":"error","msg":"usedCpuSys:10205.62","time":"2019-12-03T14:17:03+08:00"}
{"level":"error","msg":"usedCpuSysChildren:0.73","time":"2019-12-03T14:17:03+08:00"}
{"level":"error","msg":"usedCpuSys:9295.27","time":"2019-12-03T14:17:03+08:00"}
{"level":"error","msg":"usedCpuSysChildren:0.84","time":"2019-12-03T14:17:03+08:00"}
{"level":"error","msg":"usedCpuSys:9009.07","time":"2019-12-03T14:17:03+08:00"}
{"level":"error","msg":"usedCpuSysChildren:0.06","time":"2019-12-03T14:17:03+08:00"}
{"level":"error","msg":"usedCpuSys:5210.14","time":"2019-12-03T14:17:03+08:00"}
{"level":"error","msg":"usedCpuSysChildren:0.06","time":"2019-12-03T14:17:03+08:00"}
{"level":"error","msg":"usedCpuSys:7873.62","time":"2019-12-03T14:17:03+08:00"}
{"level":"error","msg":"usedCpuSysChildren:0.1","time":"2019-12-03T14:17:03+08:00"}
{"level":"error","msg":"usedCpuSys:5907.57","time":"2019-12-03T14:17:03+08:00"}
{"level":"error","msg":"usedCpuSysChildren:0.09","time":"2019-12-03T14:17:03+08:00"}
{"level":"error","msg":"usedCpuSys:10205.62","time":"2019-12-03T14:17:03+08:00"}
{"level":"error","msg":"usedCpuSysChildren:0.73","time":"2019-12-03T14:17:03+08:00"}
{"level":"error","msg":"usedCpuSys:9295.28","time":"2019-12-03T14:17:03+08:00"}
{"level":"error","msg":"usedCpuSysChildren:0.84","time":"2019-12-03T14:17:03+08:00"}
{"level":"error","msg":"usedCpuSys:9009.07","time":"2019-12-03T14:17:03+08:00"}
{"level":"error","msg":"usedCpuSysChildren:0.06","time":"2019-12-03T14:17:03+08:00"}
{"level":"error","msg":"usedCpuSys:5210.14","time":"2019-12-03T14:17:03+08:00"}
{"level":"error","msg":"usedCpuSysChildren:0.06","time":"2019-12-03T14:17:03+08:00"}
{"level":"error","msg":"usedCpuSys:7873.62","time":"2019-12-03T14:17:03+08:00"}
{"level":"error","msg":"usedCpuSysChildren:0.1","time":"2019-12-03T14:17:03+08:00"}
{"level":"error","msg":"usedCpuSys:5907.57","time":"2019-12-03T14:17:03+08:00"}
{"level":"error","msg":"usedCpuSysChildren:0.09","time":"2019-12-03T14:17:03+08:00"}
{"level":"error","msg":"usedCpuSys:10205.62","time":"2019-12-03T14:17:03+08:00"}
{"level":"error","msg":"usedCpuSysChildren:0.73","time":"2019-12-03T14:17:03+08:00"}
{"level":"error","msg":"usedCpuSys:9295.28","time":"2019-12-03T14:17:03+08:00"}
{"level":"error","msg":"usedCpuSysChildren:0.84","time":"2019-12-03T14:17:03+08:00"}
{"level":"error","msg":"usedCpuSys:9009.07","time":"2019-12-03T14:17:03+08:00"}
{"level":"error","msg":"usedCpuSysChildren:0.06","time":"2019-12-03T14:17:03+08:00"}
{"level":"error","msg":"usedCpuSys:5210.14","time":"2019-12-03T14:17:03+08:00"}
{"level":"error","msg":"usedCpuSysChildren:0.06","time":"2019-12-03T14:17:03+08:00"}
{"level":"error","msg":"usedCpuSys:7873.62","time":"2019-12-03T14:17:03+08:00"}
{"level":"error","msg":"usedCpuSysChildren:0.1","time":"2019-12-03T14:17:03+08:00"}
{"level":"error","msg":"usedCpuSys:5907.57","time":"2019-12-03T14:17:03+08:00"}
{"level":"error","msg":"usedCpuSysChildren:0.09","time":"2019-12-03T14:17:03+08:00"}
{"level":"error","msg":"usedCpuSys:10205.62","time":"2019-12-03T14:17:03+08:00"}
{"level":"error","msg":"usedCpuSysChildren:0.73","time":"2019-12-03T14:17:03+08:00"}
{"level":"error","msg":"usedCpuSys:9295.28","time":"2019-12-03T14:17:03+08:00"}
{"level":"error","msg":"usedCpuSysChildren:0.84","time":"2019-12-03T14:17:03+08:00"}
{"level":"error","msg":"usedCpuSys:9009.07","time":"2019-12-03T14:17:03+08:00"}
{"level":"error","msg":"usedCpuSysChildren:0.06","time":"2019-12-03T14:17:03+08:00"}
{"level":"error","msg":"usedCpuSys:5210.14","time":"2019-12-03T14:17:03+08:00"}
{"level":"error","msg":"usedCpuSysChildren:0.06","time":"2019-12-03T14:17:03+08:00"}
{"level":"error","msg":"usedCpuSys:7873.62","time":"2019-12-03T14:17:03+08:00"}
{"level":"error","msg":"usedCpuSysChildren:0.1","time":"2019-12-03T14:17:03+08:00"}
{"level":"error","msg":"usedCpuSys:5907.57","time":"2019-12-03T14:17:03+08:00"}
{"level":"error","msg":"usedCpuSysChildren:0.09","time":"2019-12-03T14:17:03+08:00"}
{"level":"error","msg":"usedCpuSys:10205.62","time":"2019-12-03T14:17:03+08:00"}
{"level":"error","msg":"usedCpuSysChildren:0.73","time":"2019-12-03T14:17:03+08:00"}
{"level":"error","msg":"usedCpuSys:9295.28","time":"2019-12-03T14:17:03+08:00"}
{"level":"error","msg":"usedCpuSysChildren:0.84","time":"2019-12-03T14:17:03+08:00"}
{"level":"error","msg":"usedCpuSys:9009.08","time":"2019-12-03T14:17:03+08:00"}
{"level":"error","msg":"usedCpuSysChildren:0.06","time":"2019-12-03T14:17:03+08:00"}
{"level":"error","msg":"usedCpuSys:5210.14","time":"2019-12-03T14:17:03+08:00"}
{"level":"error","msg":"usedCpuSysChildren:0.06","time":"2019-12-03T14:17:03+08:00"}
{"level":"error","msg":"usedCpuSys:7873.62","time":"2019-12-03T14:17:03+08:00"}
{"level":"error","msg":"usedCpuSysChildren:0.1","time":"2019-12-03T14:17:03+08:00"}
{"level":"error","msg":"usedCpuSys:5907.57","time":"2019-12-03T14:17:03+08:00"}
{"level":"error","msg":"usedCpuSysChildren:0.09","time":"2019-12-03T14:17:03+08:00"}
{"level":"error","msg":"usedCpuSys:10205.62","time":"2019-12-03T14:17:04+08:00"}
{"level":"error","msg":"usedCpuSysChildren:0.73","time":"2019-12-03T14:17:04+08:00"}
{"level":"error","msg":"usedCpuSys:9295.28","time":"2019-12-03T14:17:04+08:00"}
{"level":"error","msg":"usedCpuSysChildren:0.84","time":"2019-12-03T14:17:04+08:00"}
{"level":"error","msg":"usedCpuSys:9009.08","time":"2019-12-03T14:17:04+08:00"}
{"level":"error","msg":"usedCpuSysChildren:0.06","time":"2019-12-03T14:17:04+08:00"}
{"level":"error","msg":"usedCpuSys:5210.14","time":"2019-12-03T14:17:04+08:00"}
{"level":"error","msg":"usedCpuSysChildren:0.06","time":"2019-12-03T14:17:04+08:00"}
{"level":"error","msg":"usedCpuSys:7873.62","time":"2019-12-03T14:17:04+08:00"}
{"level":"error","msg":"usedCpuSysChildren:0.1","time":"2019-12-03T14:17:04+08:00"}
{"level":"error","msg":"usedCpuSys:5907.57","time":"2019-12-03T14:17:04+08:00"}
{"level":"error","msg":"usedCpuSysChildren:0.09","time":"2019-12-03T14:17:04+08:00"}
{"level":"error","msg":"usedCpuSys:10205.63","time":"2019-12-03T14:17:04+08:00"}
{"level":"error","msg":"usedCpuSysChildren:0.73","time":"2019-12-03T14:17:04+08:00"}
{"level":"error","msg":"usedCpuSys:9295.28","time":"2019-12-03T14:17:04+08:00"}
{"level":"error","msg":"usedCpuSysChildren:0.84","time":"2019-12-03T14:17:04+08:00"}
{"level":"error","msg":"usedCpuSys:9009.08","time":"2019-12-03T14:17:04+08:00"}
{"level":"error","msg":"usedCpuSysChildren:0.06","time":"2019-12-03T14:17:04+08:00"}
{"level":"error","msg":"usedCpuSys:5210.14","time":"2019-12-03T14:17:04+08:00"}
{"level":"error","msg":"usedCpuSysChildren:0.06","time":"2019-12-03T14:17:04+08:00"}
{"level":"error","msg":"usedCpuSys:7873.62","time":"2019-12-03T14:17:04+08:00"}
{"level":"error","msg":"usedCpuSysChildren:0.1","time":"2019-12-03T14:17:04+08:00"}
{"level":"error","msg":"usedCpuSys:5907.57","time":"2019-12-03T14:17:04+08:00"}
{"level":"error","msg":"usedCpuSysChildren:0.09","time":"2019-12-03T14:17:04+08:00"}
{"level":"error","msg":"usedCpuSys:10205.64","time":"2019-12-03T14:17:05+08:00"}
{"level":"error","msg":"usedCpuSysChildren:0.73","time":"2019-12-03T14:17:05+08:00"}
{"level":"error","msg":"usedCpuSys:9295.28","time":"2019-12-03T14:17:05+08:00"}
{"level":"error","msg":"usedCpuSysChildren:0.84","time":"2019-12-03T14:17:05+08:00"}
{"level":"error","msg":"usedCpuSys:9009.08","time":"2019-12-03T14:17:05+08:00"}
{"level":"error","msg":"usedCpuSysChildren:0.06","time":"2019-12-03T14:17:05+08:00"}
{"level":"error","msg":"usedCpuSys:5210.14","time":"2019-12-03T14:17:05+08:00"}
{"level":"error","msg":"usedCpuSysChildren:0.06","time":"2019-12-03T14:17:05+08:00"}
{"level":"error","msg":"usedCpuSys:7873.63","time":"2019-12-03T14:17:05+08:00"}
{"level":"error","msg":"usedCpuSysChildren:0.1","time":"2019-12-03T14:17:05+08:00"}
{"level":"error","msg":"usedCpuSys:5907.57","time":"2019-12-03T14:17:05+08:00"}
{"level":"error","msg":"usedCpuSysChildren:0.09","time":"2019-12-03T14:17:05+08:00"}
{"level":"error","msg":"usedCpuSys:10205.66","time":"2019-12-03T14:17:09+08:00"}
{"level":"error","msg":"usedCpuSysChildren:0.73","time":"2019-12-03T14:17:09+08:00"}
{"level":"error","msg":"usedCpuSys:9295.29","time":"2019-12-03T14:17:09+08:00"}
{"level":"error","msg":"usedCpuSysChildren:0.84","time":"2019-12-03T14:17:09+08:00"}
{"level":"error","msg":"usedCpuSys:9009.1","time":"2019-12-03T14:17:09+08:00"}
{"level":"error","msg":"usedCpuSysChildren:0.06","time":"2019-12-03T14:17:09+08:00"}
{"level":"error","msg":"usedCpuSys:5210.15","time":"2019-12-03T14:17:09+08:00"}
{"level":"error","msg":"usedCpuSysChildren:0.06","time":"2019-12-03T14:17:09+08:00"}
{"level":"error","msg":"usedCpuSys:7873.65","time":"2019-12-03T14:17:09+08:00"}
{"level":"error","msg":"usedCpuSysChildren:0.1","time":"2019-12-03T14:17:09+08:00"}
{"level":"error","msg":"usedCpuSys:5907.57","time":"2019-12-03T14:17:09+08:00"}
{"level":"error","msg":"usedCpuSysChildren:0.09","time":"2019-12-03T14:17:09+08:00"}
{"level":"error","msg":"usedCpuSys:10205.66","time":"2019-12-03T14:17:10+08:00"}
{"level":"error","msg":"usedCpuSysChildren:0.73","time":"2019-12-03T14:17:10+08:00"}
{"level":"error","msg":"usedCpuSys:9295.29","time":"2019-12-03T14:17:10+08:00"}
{"level":"error","msg":"usedCpuSysChildren:0.84","time":"2019-12-03T14:17:10+08:00"}
{"level":"error","msg":"usedCpuSys:9009.11","time":"2019-12-03T14:17:10+08:00"}
{"level":"error","msg":"usedCpuSysChildren:0.06","time":"2019-12-03T14:17:10+08:00"}
{"level":"error","msg":"usedCpuSys:5210.15","time":"2019-12-03T14:17:10+08:00"}
{"level":"error","msg":"usedCpuSysChildren:0.06","time":"2019-12-03T14:17:10+08:00"}
{"level":"error","msg":"usedCpuSys:7873.65","time":"2019-12-03T14:17:10+08:00"}
{"level":"error","msg":"usedCpuSysChildren:0.1","time":"2019-12-03T14:17:10+08:00"}
{"level":"error","msg":"usedCpuSys:5907.57","time":"2019-12-03T14:17:10+08:00"}
{"level":"error","msg":"usedCpuSysChildren:0.09","time":"2019-12-03T14:17:10+08:00"}
{"level":"error","msg":"usedCpuSys:10205.66","time":"2019-12-03T14:17:10+08:00"}
{"level":"error","msg":"usedCpuSysChildren:0.73","time":"2019-12-03T14:17:10+08:00"}
{"level":"error","msg":"usedCpuSys:9295.29","time":"2019-12-03T14:17:10+08:00"}
{"level":"error","msg":"usedCpuSysChildren:0.84","time":"2019-12-03T14:17:10+08:00"}
{"level":"error","msg":"usedCpuSys:9009.11","time":"2019-12-03T14:17:10+08:00"}
{"level":"error","msg":"usedCpuSysChildren:0.06","time":"2019-12-03T14:17:10+08:00"}
{"level":"error","msg":"usedCpuSys:5210.15","time":"2019-12-03T14:17:10+08:00"}
{"level":"error","msg":"usedCpuSysChildren:0.06","time":"2019-12-03T14:17:10+08:00"}
{"level":"error","msg":"usedCpuSys:7873.65","time":"2019-12-03T14:17:10+08:00"}
{"level":"error","msg":"usedCpuSysChildren:0.1","time":"2019-12-03T14:17:10+08:00"}
{"level":"error","msg":"usedCpuSys:5907.57","time":"2019-12-03T14:17:10+08:00"}
{"level":"error","msg":"usedCpuSysChildren:0.09","time":"2019-12-03T14:17:10+08:00"}
{"level":"error","msg":"usedCpuSys:10205.66","time":"2019-12-03T14:17:10+08:00"}
{"level":"error","msg":"usedCpuSysChildren:0.73","time":"2019-12-03T14:17:10+08:00"}
{"level":"error","msg":"usedCpuSys:9295.29","time":"2019-12-03T14:17:10+08:00"}
{"level":"error","msg":"usedCpuSysChildren:0.84","time":"2019-12-03T14:17:10+08:00"}
{"level":"error","msg":"usedCpuSys:9009.11","time":"2019-12-03T14:17:10+08:00"}
{"level":"error","msg":"usedCpuSysChildren:0.06","time":"2019-12-03T14:17:10+08:00"}
{"level":"error","msg":"usedCpuSys:5210.15","time":"2019-12-03T14:17:10+08:00"}
{"level":"error","msg":"usedCpuSysChildren:0.06","time":"2019-12-03T14:17:10+08:00"}
{"level":"error","msg":"usedCpuSys:7873.65","time":"2019-12-03T14:17:10+08:00"}
{"level":"error","msg":"usedCpuSysChildren:0.1","time":"2019-12-03T14:17:10+08:00"}
{"level":"error","msg":"usedCpuSys:5907.57","time":"2019-12-03T14:17:10+08:00"}
{"level":"error","msg":"usedCpuSysChildren:0.09","time":"2019-12-03T14:17:10+08:00"}
{"level":"error","msg":"usedCpuSys:10205.69","time":"2019-12-03T14:17:20+08:00"}
{"level":"error","msg":"usedCpuSysChildren:0.73","time":"2019-12-03T14:17:20+08:00"}
{"level":"error","msg":"usedCpuSys:9295.32","time":"2019-12-03T14:17:20+08:00"}
{"level":"error","msg":"usedCpuSysChildren:0.84","time":"2019-12-03T14:17:20+08:00"}
{"level":"error","msg":"usedCpuSys:9009.14","time":"2019-12-03T14:17:20+08:00"}
{"level":"error","msg":"usedCpuSysChildren:0.06","time":"2019-12-03T14:17:20+08:00"}
{"level":"error","msg":"usedCpuSys:5210.17","time":"2019-12-03T14:17:20+08:00"}
{"level":"error","msg":"usedCpuSysChildren:0.06","time":"2019-12-03T14:17:20+08:00"}
{"level":"error","msg":"usedCpuSys:7873.67","time":"2019-12-03T14:17:20+08:00"}
{"level":"error","msg":"usedCpuSysChildren:0.1","time":"2019-12-03T14:17:20+08:00"}
{"level":"error","msg":"usedCpuSys:5907.59","time":"2019-12-03T14:17:20+08:00"}
{"level":"error","msg":"usedCpuSysChildren:0.09","time":"2019-12-03T14:17:20+08:00"}
{"level":"error","msg":"usedCpuSys:10205.73","time":"2019-12-03T14:17:35+08:00"}
{"level":"error","msg":"usedCpuSysChildren:0.73","time":"2019-12-03T14:17:35+08:00"}
{"level":"error","msg":"usedCpuSys:9295.36","time":"2019-12-03T14:17:35+08:00"}
{"level":"error","msg":"usedCpuSysChildren:0.84","time":"2019-12-03T14:17:35+08:00"}
{"level":"error","msg":"usedCpuSys:9009.19","time":"2019-12-03T14:17:35+08:00"}
{"level":"error","msg":"usedCpuSysChildren:0.06","time":"2019-12-03T14:17:35+08:00"}
{"level":"error","msg":"usedCpuSys:5210.2","time":"2019-12-03T14:17:35+08:00"}
{"level":"error","msg":"usedCpuSysChildren:0.06","time":"2019-12-03T14:17:35+08:00"}
{"level":"error","msg":"usedCpuSys:7873.7","time":"2019-12-03T14:17:35+08:00"}
{"level":"error","msg":"usedCpuSysChildren:0.1","time":"2019-12-03T14:17:35+08:00"}
{"level":"error","msg":"usedCpuSys:5907.61","time":"2019-12-03T14:17:35+08:00"}
{"level":"error","msg":"usedCpuSysChildren:0.09","time":"2019-12-03T14:17:35+08:00"}
{"level":"error","msg":"usedCpuSys:10205.78","time":"2019-12-03T14:17:50+08:00"}
{"level":"error","msg":"usedCpuSysChildren:0.73","time":"2019-12-03T14:17:50+08:00"}
{"level":"error","msg":"usedCpuSys:9295.39","time":"2019-12-03T14:17:50+08:00"}
{"level":"error","msg":"usedCpuSysChildren:0.84","time":"2019-12-03T14:17:50+08:00"}
{"level":"error","msg":"usedCpuSys:9009.24","time":"2019-12-03T14:17:50+08:00"}
{"level":"error","msg":"usedCpuSysChildren:0.06","time":"2019-12-03T14:17:50+08:00"}
{"level":"error","msg":"usedCpuSys:5210.23","time":"2019-12-03T14:17:50+08:00"}
{"level":"error","msg":"usedCpuSysChildren:0.06","time":"2019-12-03T14:17:50+08:00"}
{"level":"error","msg":"usedCpuSys:7873.73","time":"2019-12-03T14:17:50+08:00"}
{"level":"error","msg":"usedCpuSysChildren:0.1","time":"2019-12-03T14:17:50+08:00"}
{"level":"error","msg":"usedCpuSys:5907.63","time":"2019-12-03T14:17:50+08:00"}
{"level":"error","msg":"usedCpuSysChildren:0.09","time":"2019-12-03T14:17:50+08:00"}
{"level":"error","msg":"usedCpuSys:10205.84","time":"2019-12-03T14:18:05+08:00"}
{"level":"error","msg":"usedCpuSysChildren:0.73","time":"2019-12-03T14:18:05+08:00"}
{"level":"error","msg":"usedCpuSys:9295.43","time":"2019-12-03T14:18:05+08:00"}
{"level":"error","msg":"usedCpuSysChildren:0.84","time":"2019-12-03T14:18:05+08:00"}
{"level":"error","msg":"usedCpuSys:9009.28","time":"2019-12-03T14:18:05+08:00"}
{"level":"error","msg":"usedCpuSysChildren:0.06","time":"2019-12-03T14:18:05+08:00"}
{"level":"error","msg":"usedCpuSys:5210.26","time":"2019-12-03T14:18:05+08:00"}
{"level":"error","msg":"usedCpuSysChildren:0.06","time":"2019-12-03T14:18:05+08:00"}
{"level":"error","msg":"usedCpuSys:7873.78","time":"2019-12-03T14:18:05+08:00"}
{"level":"error","msg":"usedCpuSysChildren:0.1","time":"2019-12-03T14:18:05+08:00"}
{"level":"error","msg":"usedCpuSys:5907.66","time":"2019-12-03T14:18:05+08:00"}
{"level":"error","msg":"usedCpuSysChildren:0.09","time":"2019-12-03T14:18:05+08:00"}
